02-10-2024 10:27:15 am [main] INFO api.test.UserAPITest_POJO2 - ----------TestCreateUser----------
02-10-2024 10:27:19 am [main] INFO api.test.UserAPITest_POJO2 - Validated status code.
02-10-2024 10:27:19 am [main] INFO api.test.UserAPITest_POJO2 - Received response body.
02-10-2024 10:27:19 am [main] INFO api.test.UserAPITest_POJO2 - {"code":200,"type":"unknown","message":"726051009"}
02-10-2024 10:27:19 am [main] INFO api.test.UserAPITest_POJO2 - ----------TestReadUser1----------
02-10-2024 10:27:21 am [main] INFO api.test.UserAPITest_POJO2 - Validated status code.
02-10-2024 10:27:21 am [main] INFO api.test.UserAPITest_POJO2 - Received response body.
02-10-2024 10:27:21 am [main] INFO api.test.UserAPITest_POJO2 - {"id":726051009,"username":"Willie.Schaefer","firstName":"Willie","lastName":"Schaefer","email":"Willie.Schaefer@gmail.com","password":"Willie.Schaefer@726051009","phone":"649-717-5600","userStatus":1}
02-10-2024 10:27:21 am [main] INFO api.test.UserAPITest_POJO2 - ----------TestUpdateUser----------
02-10-2024 10:27:23 am [main] INFO api.test.UserAPITest_POJO2 - Validated status code.
02-10-2024 10:27:23 am [main] INFO api.test.UserAPITest_POJO2 - Received response body.
02-10-2024 10:27:23 am [main] INFO api.test.UserAPITest_POJO2 - {"code":200,"type":"unknown","message":"726051009"}
02-10-2024 10:27:23 am [main] INFO api.test.UserAPITest_POJO2 - ----------TestReadUser2----------
02-10-2024 10:27:24 am [main] INFO api.test.UserAPITest_POJO2 - Validated status code.
02-10-2024 10:27:24 am [main] INFO api.test.UserAPITest_POJO2 - Received response body.
02-10-2024 10:27:24 am [main] INFO api.test.UserAPITest_POJO2 - {"id":726051009,"username":"Willie.Schaefer","firstName":"Willie","lastName":"Schaefer","email":"Willie.Schaefer@gmail.com","password":"Willie.Schaefer@726051009","phone":"1-158-150-2588","userStatus":0}
02-10-2024 10:27:24 am [main] INFO api.test.UserAPITest_POJO2 - ----------TestDeleteUser----------
02-10-2024 10:27:26 am [main] INFO api.test.UserAPITest_POJO2 - Validated status code.
02-10-2024 10:27:26 am [main] INFO api.test.UserAPITest_POJO2 - Received response body.
02-10-2024 10:27:26 am [main] INFO api.test.UserAPITest_POJO2 - {"code":200,"type":"unknown","message":"Willie.Schaefer"}
02-10-2024 10:27:26 am [main] INFO api.test.UserAPITest_POJO2 - ----------TestReadUser3----------
02-10-2024 10:27:29 am [main] INFO api.test.UserAPITest_POJO2 - Validated status code.
02-10-2024 10:27:29 am [main] INFO api.test.UserAPITest_POJO2 - Received response body.
02-10-2024 10:27:29 am [main] INFO api.test.UserAPITest_POJO2 - {"code":1,"type":"error","message":"User not found"}
